# JRE version: Java(TM) SE Runtime Environment 18.9 (11.0.22+9) (build 11.0.22+9-LTS-219)
# Java VM: Java HotSpot(TM) 64-Bit Server VM 18.9 (11.0.22+9-LTS-219, mixed mode, tiered, compressed oops, g1 gc, windows-amd64)
Heap:
 garbage-first heap   total 262144K, used 49898K [0x0000000701400000, 0x0000000800000000)
  region size 1024K, 30 young (30720K), 13 survivors (13312K)
 Metaspace       used 59391K, capacity 60959K, committed 61084K, reserved 1101824K
  class space    used 7532K, capacity 8158K, committed 8172K, reserved 1048576K
GC Heap History (10 events):
Event: 8.680 GC heap before
{Heap before GC invocations=4 (full 0):
 garbage-first heap   total 262144K, used 67311K [0x0000000701400000, 0x0000000800000000)
  region size 1024K, 59 young (60416K), 3 survivors (3072K)
 Metaspace       used 27568K, capacity 28275K, committed 28464K, reserved 1075200K
  class space    used 3351K, capacity 3637K, committed 3712K, reserved 1048576K
}
Event: 8.686 GC heap after
{Heap after GC invocations=5 (full 0):
 garbage-first heap   total 262144K, used 12880K [0x0000000701400000, 0x0000000800000000)
  region size 1024K, 4 young (4096K), 4 survivors (4096K)
 Metaspace       used 27568K, capacity 28275K, committed 28464K, reserved 1075200K
  class space    used 3351K, capacity 3637K, committed 3712K, reserved 1048576K
}
Event: 14.970 GC heap before
{Heap before GC invocations=5 (full 0):
 garbage-first heap   total 262144K, used 128592K [0x0000000701400000, 0x0000000800000000)
  region size 1024K, 118 young (120832K), 4 survivors (4096K)
 Metaspace       used 34939K, capacity 35799K, committed 35888K, reserved 1081344K
  class space    used 4293K, capacity 4656K, committed 4736K, reserved 1048576K
}
Event: 14.980 GC heap after
{Heap after GC invocations=6 (full 0):
 garbage-first heap   total 262144K, used 15698K [0x0000000701400000, 0x0000000800000000)
  region size 1024K, 7 young (7168K), 7 survivors (7168K)
 Metaspace       used 34939K, capacity 35799K, committed 35888K, reserved 1081344K
  class space    used 4293K, capacity 4656K, committed 4736K, reserved 1048576K
}
Event: 22.615 GC heap before
{Heap before GC invocations=7 (full 0):
 garbage-first heap   total 262144K, used 155986K [0x0000000701400000, 0x0000000800000000)
  region size 1024K, 144 young (147456K), 7 survivors (7168K)
 Metaspace       used 44737K, capacity 45768K, committed 45872K, reserved 1089536K
  class space    used 5589K, capacity 5993K, committed 6016K, reserved 1048576K
}
Event: 22.628 GC heap after
{Heap after GC invocations=8 (full 0):
 garbage-first heap   total 262144K, used 21008K [0x0000000701400000, 0x0000000800000000)
  region size 1024K, 12 young (12288K), 12 survivors (12288K)
 Metaspace       used 44737K, capacity 45768K, committed 45872K, reserved 1089536K
  class space    used 5589K, capacity 5993K, committed 6016K, reserved 1048576K
}
Event: 34.938 GC heap before
{Heap before GC invocations=8 (full 0):
 garbage-first heap   total 262144K, used 172560K [0x0000000701400000, 0x0000000800000000)
  region size 1024K, 153 young (156672K), 12 survivors (12288K)
 Metaspace       used 57154K, capacity 58689K, committed 58928K, reserved 1099776K
  class space    used 7213K, capacity 7806K, committed 7808K, reserved 1048576K
}
Event: 34.958 GC heap after
{Heap after GC invocations=9 (full 0):
 garbage-first heap   total 262144K, used 30738K [0x0000000701400000, 0x0000000800000000)
  region size 1024K, 20 young (20480K), 20 survivors (20480K)
 Metaspace       used 57154K, capacity 58689K, committed 58928K, reserved 1099776K
  class space    used 7213K, capacity 7806K, committed 7808K, reserved 1048576K
}
Event: 35.371 GC heap before
{Heap before GC invocations=9 (full 0):
 garbage-first heap   total 262144K, used 51218K [0x0000000701400000, 0x0000000800000000)
  region size 1024K, 41 young (41984K), 20 survivors (20480K)
 Metaspace       used 58632K, capacity 60186K, committed 60208K, reserved 1101824K
  class space    used 7423K, capacity 8050K, committed 8064K, reserved 1048576K
}
Event: 35.389 GC heap after
{Heap after GC invocations=10 (full 0):
 garbage-first heap   total 262144K, used 33514K [0x0000000701400000, 0x0000000800000000)
  region size 1024K, 13 young (13312K), 13 survivors (13312K)
 Metaspace       used 58632K, capacity 60186K, committed 60208K, reserved 1101824K
  class space    used 7423K, capacity 8050K, committed 8064K, reserved 1048576K
}

