# JRE version: Java(TM) SE Runtime Environment 18.9 (11.0.22+9) (build 11.0.22+9-LTS-219)
# Java VM: Java HotSpot(TM) 64-Bit Server VM 18.9 (11.0.22+9-LTS-219, mixed mode, tiered, compressed oops, g1 gc, windows-amd64)
Heap:
 garbage-first heap   total 262144K, used 17713K [0x0000000701400000, 0x0000000800000000)
  region size 1024K, 6 young (6144K), 6 survivors (6144K)
 Metaspace       used 29695K, capacity 30573K, committed 30844K, reserved 1079296K
  class space    used 3656K, capacity 4009K, committed 4044K, reserved 1048576K
GC Heap History (10 events):
Event: 6.661 GC heap before
{Heap before GC invocations=0 (full 0):
 garbage-first heap   total 262144K, used 25600K [0x0000000701400000, 0x0000000800000000)
  region size 1024K, 24 young (24576K), 0 survivors (0K)
 Metaspace       used 11313K, capacity 11582K, committed 11776K, reserved 1060864K
  class space    used 1184K, capacity 1274K, committed 1280K, reserved 1048576K
}
Event: 6.700 GC heap after
{Heap after GC invocations=1 (full 0):
 garbage-first heap   total 262144K, used 11680K [0x0000000701400000, 0x0000000800000000)
  region size 1024K, 3 young (3072K), 3 survivors (3072K)
 Metaspace       used 11313K, capacity 11582K, committed 11776K, reserved 1060864K
  class space    used 1184K, capacity 1274K, committed 1280K, reserved 1048576K
}
Event: 7.228 GC heap before
{Heap before GC invocations=1 (full 0):
 garbage-first heap   total 262144K, used 30112K [0x0000000701400000, 0x0000000800000000)
  region size 1024K, 21 young (21504K), 3 survivors (3072K)
 Metaspace       used 14845K, capacity 15209K, committed 15360K, reserved 1062912K
  class space    used 1552K, capacity 1678K, committed 1792K, reserved 1048576K
}
Event: 7.232 GC heap after
{Heap after GC invocations=2 (full 0):
 garbage-first heap   total 262144K, used 13309K [0x0000000701400000, 0x0000000800000000)
  region size 1024K, 2 young (2048K), 2 survivors (2048K)
 Metaspace       used 14845K, capacity 15209K, committed 15360K, reserved 1062912K
  class space    used 1552K, capacity 1678K, committed 1792K, reserved 1048576K
}
Event: 11.215 GC heap before
{Heap before GC invocations=2 (full 0):
 garbage-first heap   total 262144K, used 58365K [0x0000000701400000, 0x0000000800000000)
  region size 1024K, 47 young (48128K), 2 survivors (2048K)
 Metaspace       used 20569K, capacity 21209K, committed 21296K, reserved 1069056K
  class space    used 2397K, capacity 2658K, committed 2688K, reserved 1048576K
}
Event: 11.220 GC heap after
{Heap after GC invocations=3 (full 0):
 garbage-first heap   total 262144K, used 15249K [0x0000000701400000, 0x0000000800000000)
  region size 1024K, 4 young (4096K), 4 survivors (4096K)
 Metaspace       used 20569K, capacity 21209K, committed 21296K, reserved 1069056K
  class space    used 2397K, capacity 2658K, committed 2688K, reserved 1048576K
}
Event: 11.903 GC heap before
{Heap before GC invocations=4 (full 0):
 garbage-first heap   total 262144K, used 79761K [0x0000000701400000, 0x0000000800000000)
  region size 1024K, 69 young (70656K), 4 survivors (4096K)
 Metaspace       used 28705K, capacity 29491K, committed 29692K, reserved 1075200K
  class space    used 3501K, capacity 3836K, committed 3916K, reserved 1048576K
}
Event: 11.912 GC heap after
{Heap after GC invocations=5 (full 0):
 garbage-first heap   total 262144K, used 17284K [0x0000000701400000, 0x0000000800000000)
  region size 1024K, 6 young (6144K), 6 survivors (6144K)
 Metaspace       used 28705K, capacity 29491K, committed 29692K, reserved 1075200K
  class space    used 3501K, capacity 3836K, committed 3916K, reserved 1048576K
}
Event: 12.066 GC heap before
{Heap before GC invocations=6 (full 0):
 garbage-first heap   total 262144K, used 25476K [0x0000000701400000, 0x0000000800000000)
  region size 1024K, 15 young (15360K), 6 survivors (6144K)
 Metaspace       used 29695K, capacity 30573K, committed 30844K, reserved 1079296K
  class space    used 3656K, capacity 4009K, committed 4044K, reserved 1048576K
}
Event: 12.074 GC heap after
{Heap after GC invocations=7 (full 0):
 garbage-first heap   total 262144K, used 17713K [0x0000000701400000, 0x0000000800000000)
  region size 1024K, 6 young (6144K), 6 survivors (6144K)
 Metaspace       used 29695K, capacity 30573K, committed 30844K, reserved 1079296K
  class space    used 3656K, capacity 4009K, committed 4044K, reserved 1048576K
}

