# JRE version: Java(TM) SE Runtime Environment 18.9 (11.0.22+9) (build 11.0.22+9-LTS-219)
# Java VM: Java HotSpot(TM) 64-Bit Server VM 18.9 (11.0.22+9-LTS-219, mixed mode, tiered, compressed oops, g1 gc, windows-amd64)
Heap:
 garbage-first heap   total 262144K, used 20418K [0x0000000701400000, 0x0000000800000000)
  region size 1024K, 9 young (9216K), 9 survivors (9216K)
 Metaspace       used 34284K, capacity 35257K, committed 35324K, reserved 1087488K
  class space    used 4271K, capacity 4666K, committed 4684K, reserved 1048576K
GC Heap History (10 events):
Event: 6.584 GC heap before
{Heap before GC invocations=1 (full 0):
 garbage-first heap   total 262144K, used 32215K [0x0000000701400000, 0x0000000800000000)
  region size 1024K, 23 young (23552K), 3 survivors (3072K)
 Metaspace       used 15033K, capacity 15444K, committed 15616K, reserved 1062912K
  class space    used 1576K, capacity 1714K, committed 1792K, reserved 1048576K
}
Event: 6.587 GC heap after
{Heap after GC invocations=2 (full 0):
 garbage-first heap   total 262144K, used 13678K [0x0000000701400000, 0x0000000800000000)
  region size 1024K, 2 young (2048K), 2 survivors (2048K)
 Metaspace       used 15033K, capacity 15444K, committed 15616K, reserved 1062912K
  class space    used 1576K, capacity 1714K, committed 1792K, reserved 1048576K
}
Event: 10.554 GC heap before
{Heap before GC invocations=2 (full 0):
 garbage-first heap   total 262144K, used 54638K [0x0000000701400000, 0x0000000800000000)
  region size 1024K, 43 young (44032K), 2 survivors (2048K)
 Metaspace       used 20498K, capacity 21189K, committed 21296K, reserved 1069056K
  class space    used 2403K, capacity 2682K, committed 2688K, reserved 1048576K
}
Event: 10.559 GC heap after
{Heap after GC invocations=3 (full 0):
 garbage-first heap   total 262144K, used 15572K [0x0000000701400000, 0x0000000800000000)
  region size 1024K, 4 young (4096K), 4 survivors (4096K)
 Metaspace       used 20498K, capacity 21189K, committed 21296K, reserved 1069056K
  class space    used 2403K, capacity 2682K, committed 2688K, reserved 1048576K
}
Event: 11.119 GC heap before
{Heap before GC invocations=4 (full 0):
 garbage-first heap   total 262144K, used 74964K [0x0000000701400000, 0x0000000800000000)
  region size 1024K, 63 young (64512K), 4 survivors (4096K)
 Metaspace       used 28255K, capacity 29147K, committed 29436K, reserved 1075200K
  class space    used 3466K, capacity 3823K, committed 3916K, reserved 1048576K
}
Event: 11.126 GC heap after
{Heap after GC invocations=5 (full 0):
 garbage-first heap   total 262144K, used 17538K [0x0000000701400000, 0x0000000800000000)
  region size 1024K, 6 young (6144K), 6 survivors (6144K)
 Metaspace       used 28255K, capacity 29147K, committed 29436K, reserved 1075200K
  class space    used 3466K, capacity 3823K, committed 3916K, reserved 1048576K
}
Event: 19.296 GC heap before
{Heap before GC invocations=5 (full 0):
 garbage-first heap   total 262144K, used 108674K [0x0000000701400000, 0x0000000800000000)
  region size 1024K, 95 young (97280K), 6 survivors (6144K)
 Metaspace       used 32338K, capacity 33414K, committed 33660K, reserved 1079296K
  class space    used 4016K, capacity 4435K, committed 4556K, reserved 1048576K
}
Event: 19.304 GC heap after
{Heap after GC invocations=6 (full 0):
 garbage-first heap   total 262144K, used 19130K [0x0000000701400000, 0x0000000800000000)
  region size 1024K, 8 young (8192K), 8 survivors (8192K)
 Metaspace       used 32338K, capacity 33414K, committed 33660K, reserved 1079296K
  class space    used 4016K, capacity 4435K, committed 4556K, reserved 1048576K
}
Event: 19.789 GC heap before
{Heap before GC invocations=6 (full 0):
 garbage-first heap   total 262144K, used 43706K [0x0000000701400000, 0x0000000800000000)
  region size 1024K, 33 young (33792K), 8 survivors (8192K)
 Metaspace       used 34284K, capacity 35257K, committed 35324K, reserved 1085440K
  class space    used 4271K, capacity 4666K, committed 4684K, reserved 1048576K
}
Event: 19.797 GC heap after
{Heap after GC invocations=7 (full 0):
 garbage-first heap   total 262144K, used 20418K [0x0000000701400000, 0x0000000800000000)
  region size 1024K, 9 young (9216K), 9 survivors (9216K)
 Metaspace       used 34284K, capacity 35257K, committed 35324K, reserved 1085440K
  class space    used 4271K, capacity 4666K, committed 4684K, reserved 1048576K
}

