# JRE version: Java(TM) SE Runtime Environment 18.9 (11.0.22+9) (build 11.0.22+9-LTS-219)
# Java VM: Java HotSpot(TM) 64-Bit Server VM 18.9 (11.0.22+9-LTS-219, mixed mode, tiered, compressed oops, g1 gc, windows-amd64)
Heap:
 garbage-first heap   total 262144K, used 112181K [0x0000000701400000, 0x0000000800000000)
  region size 1024K, 100 young (102400K), 9 survivors (9216K)
 Metaspace       used 42132K, capacity 43181K, committed 43440K, reserved 1087488K
  class space    used 5209K, capacity 5615K, committed 5632K, reserved 1048576K
GC Heap History (10 events):
Event: 13.634 GC heap before
{Heap before GC invocations=1 (full 0):
 garbage-first heap   total 262144K, used 31932K [0x0000000701400000, 0x0000000800000000)
  region size 1024K, 23 young (23552K), 3 survivors (3072K)
 Metaspace       used 15080K, capacity 15508K, committed 15616K, reserved 1062912K
  class space    used 1576K, capacity 1714K, committed 1792K, reserved 1048576K
}
Event: 13.638 GC heap after
{Heap after GC invocations=2 (full 0):
 garbage-first heap   total 262144K, used 13289K [0x0000000701400000, 0x0000000800000000)
  region size 1024K, 2 young (2048K), 2 survivors (2048K)
 Metaspace       used 15080K, capacity 15508K, committed 15616K, reserved 1062912K
  class space    used 1576K, capacity 1714K, committed 1792K, reserved 1048576K
}
Event: 16.805 GC heap before
{Heap before GC invocations=2 (full 0):
 garbage-first heap   total 262144K, used 54249K [0x0000000701400000, 0x0000000800000000)
  region size 1024K, 43 young (44032K), 2 survivors (2048K)
 Metaspace       used 20470K, capacity 21189K, committed 21296K, reserved 1069056K
  class space    used 2381K, capacity 2682K, committed 2688K, reserved 1048576K
}
Event: 16.812 GC heap after
{Heap after GC invocations=3 (full 0):
 garbage-first heap   total 262144K, used 15176K [0x0000000701400000, 0x0000000800000000)
  region size 1024K, 4 young (4096K), 4 survivors (4096K)
 Metaspace       used 20470K, capacity 21189K, committed 21296K, reserved 1069056K
  class space    used 2381K, capacity 2682K, committed 2688K, reserved 1048576K
}
Event: 17.385 GC heap before
{Heap before GC invocations=4 (full 0):
 garbage-first heap   total 262144K, used 74568K [0x0000000701400000, 0x0000000800000000)
  region size 1024K, 63 young (64512K), 4 survivors (4096K)
 Metaspace       used 28037K, capacity 28885K, committed 29104K, reserved 1075200K
  class space    used 3447K, capacity 3798K, committed 3840K, reserved 1048576K
}
Event: 17.392 GC heap after
{Heap after GC invocations=5 (full 0):
 garbage-first heap   total 262144K, used 17137K [0x0000000701400000, 0x0000000800000000)
  region size 1024K, 6 young (6144K), 6 survivors (6144K)
 Metaspace       used 28037K, capacity 28885K, committed 29104K, reserved 1075200K
  class space    used 3447K, capacity 3798K, committed 3840K, reserved 1048576K
}
Event: 20.804 GC heap before
{Heap before GC invocations=5 (full 0):
 garbage-first heap   total 262144K, used 108273K [0x0000000701400000, 0x0000000800000000)
  region size 1024K, 95 young (97280K), 6 survivors (6144K)
 Metaspace       used 32257K, capacity 33240K, committed 33328K, reserved 1079296K
  class space    used 3998K, capacity 4397K, committed 4480K, reserved 1048576K
}
Event: 20.812 GC heap after
{Heap after GC invocations=6 (full 0):
 garbage-first heap   total 262144K, used 18730K [0x0000000701400000, 0x0000000800000000)
  region size 1024K, 8 young (8192K), 8 survivors (8192K)
 Metaspace       used 32257K, capacity 33240K, committed 33328K, reserved 1079296K
  class space    used 3998K, capacity 4397K, committed 4480K, reserved 1048576K
}
Event: 21.503 GC heap before
{Heap before GC invocations=6 (full 0):
 garbage-first heap   total 262144K, used 50474K [0x0000000701400000, 0x0000000800000000)
  region size 1024K, 40 young (40960K), 8 survivors (8192K)
 Metaspace       used 34698K, capacity 35707K, committed 35888K, reserved 1081344K
  class space    used 4325K, capacity 4731K, committed 4736K, reserved 1048576K
}
Event: 21.512 GC heap after
{Heap after GC invocations=7 (full 0):
 garbage-first heap   total 262144K, used 20021K [0x0000000701400000, 0x0000000800000000)
  region size 1024K, 9 young (9216K), 9 survivors (9216K)
 Metaspace       used 34698K, capacity 35707K, committed 35888K, reserved 1081344K
  class space    used 4325K, capacity 4731K, committed 4736K, reserved 1048576K
}

