# JRE version: Java(TM) SE Runtime Environment 18.9 (11.0.22+9) (build 11.0.22+9-LTS-219)
# Java VM: Java HotSpot(TM) 64-Bit Server VM 18.9 (11.0.22+9-LTS-219, mixed mode, tiered, compressed oops, g1 gc, windows-amd64)
Heap:
 garbage-first heap   total 262144K, used 176322K [0x0000000701400000, 0x0000000800000000)
  region size 1024K, 129 young (132096K), 9 survivors (9216K)
 Metaspace       used 87656K, capacity 90305K, committed 90536K, reserved 1128448K
  class space    used 10849K, capacity 11882K, committed 11928K, reserved 1048576K
GC Heap History (10 events):
Event: 20.633 GC heap before
{Heap before GC invocations=11 (full 0):
 garbage-first heap   total 262144K, used 183114K [0x0000000701400000, 0x0000000800000000)
  region size 1024K, 153 young (156672K), 13 survivors (13312K)
 Metaspace       used 72887K, capacity 74533K, committed 74576K, reserved 1114112K
  class space    used 8992K, capacity 9648K, committed 9676K, reserved 1048576K
}
Event: 20.649 GC heap after
{Heap after GC invocations=12 (full 0):
 garbage-first heap   total 262144K, used 40360K [0x0000000701400000, 0x0000000800000000)
  region size 1024K, 16 young (16384K), 16 survivors (16384K)
 Metaspace       used 72887K, capacity 74533K, committed 74576K, reserved 1114112K
  class space    used 8992K, capacity 9648K, committed 9676K, reserved 1048576K
}
Event: 28.547 GC heap before
{Heap before GC invocations=12 (full 0):
 garbage-first heap   total 262144K, used 180648K [0x0000000701400000, 0x0000000800000000)
  region size 1024K, 153 young (156672K), 16 survivors (16384K)
 Metaspace       used 77984K, capacity 79869K, committed 79952K, reserved 1118208K
  class space    used 9675K, capacity 10436K, committed 10444K, reserved 1048576K
}
Event: 28.560 GC heap after
{Heap after GC invocations=13 (full 0):
 garbage-first heap   total 262144K, used 48314K [0x0000000701400000, 0x0000000800000000)
  region size 1024K, 16 young (16384K), 16 survivors (16384K)
 Metaspace       used 77984K, capacity 79869K, committed 79952K, reserved 1118208K
  class space    used 9675K, capacity 10436K, committed 10444K, reserved 1048576K
}
Event: 68.044 GC heap before
{Heap before GC invocations=13 (full 0):
 garbage-first heap   total 262144K, used 86202K [0x0000000701400000, 0x0000000800000000)
  region size 1024K, 55 young (56320K), 16 survivors (16384K)
 Metaspace       used 80689K, capacity 82838K, committed 82908K, reserved 1122304K
  class space    used 10057K, capacity 10916K, committed 10956K, reserved 1048576K
}
Event: 68.056 GC heap after
{Heap after GC invocations=14 (full 0):
 garbage-first heap   total 262144K, used 49193K [0x0000000701400000, 0x0000000800000000)
  region size 1024K, 10 young (10240K), 10 survivors (10240K)
 Metaspace       used 80689K, capacity 82838K, committed 82908K, reserved 1122304K
  class space    used 10057K, capacity 10916K, committed 10956K, reserved 1048576K
}
Event: 736.162 GC heap before
{Heap before GC invocations=15 (full 0):
 garbage-first heap   total 262144K, used 192553K [0x0000000701400000, 0x0000000800000000)
  region size 1024K, 151 young (154624K), 10 survivors (10240K)
 Metaspace       used 86967K, capacity 89539K, committed 89640K, reserved 1128448K
  class space    used 10792K, capacity 11786K, committed 11800K, reserved 1048576K
}
Event: 736.287 GC heap after
{Heap after GC invocations=16 (full 0):
 garbage-first heap   total 262144K, used 54222K [0x0000000701400000, 0x0000000800000000)
  region size 1024K, 15 young (15360K), 15 survivors (15360K)
 Metaspace       used 86967K, capacity 89539K, committed 89640K, reserved 1128448K
  class space    used 10792K, capacity 11786K, committed 11800K, reserved 1048576K
}
Event: 2144.138 GC heap before
{Heap before GC invocations=16 (full 0):
 garbage-first heap   total 262144K, used 194510K [0x0000000701400000, 0x0000000800000000)
  region size 1024K, 153 young (156672K), 15 survivors (15360K)
 Metaspace       used 87548K, capacity 90177K, committed 90280K, reserved 1128448K
  class space    used 10838K, capacity 11867K, committed 11928K, reserved 1048576K
}
Event: 2144.211 GC heap after
{Heap after GC invocations=17 (full 0):
 garbage-first heap   total 262144K, used 55490K [0x0000000701400000, 0x0000000800000000)
  region size 1024K, 9 young (9216K), 9 survivors (9216K)
 Metaspace       used 87548K, capacity 90177K, committed 90280K, reserved 1128448K
  class space    used 10838K, capacity 11867K, committed 11928K, reserved 1048576K
}

