# JRE version: Java(TM) SE Runtime Environment 18.9 (11.0.22+9) (build 11.0.22+9-LTS-219)
# Java VM: Java HotSpot(TM) 64-Bit Server VM 18.9 (11.0.22+9-LTS-219, mixed mode, tiered, compressed oops, g1 gc, windows-amd64)
Heap:
 garbage-first heap   total 262144K, used 28856K [0x0000000701400000, 0x0000000800000000)
  region size 1024K, 11 young (11264K), 11 survivors (11264K)
 Metaspace       used 47476K, capacity 48880K, committed 48896K, reserved 1099776K
  class space    used 6054K, capacity 6643K, committed 6656K, reserved 1048576K
GC Heap History (10 events):
Event: 12.514 GC heap before
{Heap before GC invocations=2 (full 0):
 garbage-first heap   total 262144K, used 29317K [0x0000000701400000, 0x0000000800000000)
  region size 1024K, 21 young (21504K), 3 survivors (3072K)
 Metaspace       used 20434K, capacity 21134K, committed 21296K, reserved 1069056K
  class space    used 2396K, capacity 2695K, committed 2816K, reserved 1048576K
}
Event: 12.519 GC heap after
{Heap after GC invocations=3 (full 0):
 garbage-first heap   total 262144K, used 12769K [0x0000000701400000, 0x0000000800000000)
  region size 1024K, 4 young (4096K), 4 survivors (4096K)
 Metaspace       used 20434K, capacity 21134K, committed 21296K, reserved 1069056K
  class space    used 2396K, capacity 2695K, committed 2816K, reserved 1048576K
}
Event: 13.168 GC heap before
{Heap before GC invocations=4 (full 0):
 garbage-first heap   total 262144K, used 70113K [0x0000000701400000, 0x0000000800000000)
  region size 1024K, 61 young (62464K), 4 survivors (4096K)
 Metaspace       used 28598K, capacity 29433K, committed 29568K, reserved 1075200K
  class space    used 3537K, capacity 3882K, committed 3968K, reserved 1048576K
}
Event: 13.174 GC heap after
{Heap after GC invocations=5 (full 0):
 garbage-first heap   total 262144K, used 14697K [0x0000000701400000, 0x0000000800000000)
  region size 1024K, 5 young (5120K), 5 survivors (5120K)
 Metaspace       used 28598K, capacity 29433K, committed 29568K, reserved 1075200K
  class space    used 3537K, capacity 3882K, committed 3968K, reserved 1048576K
}
Event: 15.402 GC heap before
{Heap before GC invocations=5 (full 0):
 garbage-first heap   total 262144K, used 143721K [0x0000000701400000, 0x0000000800000000)
  region size 1024K, 132 young (135168K), 5 survivors (5120K)
 Metaspace       used 34737K, capacity 35708K, committed 35840K, reserved 1081344K
  class space    used 4383K, capacity 4778K, committed 4864K, reserved 1048576K
}
Event: 15.413 GC heap after
{Heap after GC invocations=6 (full 0):
 garbage-first heap   total 262144K, used 18934K [0x0000000701400000, 0x0000000800000000)
  region size 1024K, 10 young (10240K), 10 survivors (10240K)
 Metaspace       used 34737K, capacity 35708K, committed 35840K, reserved 1081344K
  class space    used 4383K, capacity 4778K, committed 4864K, reserved 1048576K
}
Event: 23.478 GC heap before
{Heap before GC invocations=7 (full 0):
 garbage-first heap   total 262144K, used 165366K [0x0000000701400000, 0x0000000800000000)
  region size 1024K, 153 young (156672K), 10 survivors (10240K)
 Metaspace       used 45742K, capacity 47167K, committed 47360K, reserved 1089536K
  class space    used 5819K, capacity 6376K, committed 6400K, reserved 1048576K
}
Event: 23.564 GC heap after
{Heap after GC invocations=8 (full 0):
 garbage-first heap   total 262144K, used 28596K [0x0000000701400000, 0x0000000800000000)
  region size 1024K, 19 young (19456K), 19 survivors (19456K)
 Metaspace       used 45742K, capacity 47167K, committed 47360K, reserved 1089536K
  class space    used 5819K, capacity 6376K, committed 6400K, reserved 1048576K
}
Event: 24.678 GC heap before
{Heap before GC invocations=8 (full 0):
 garbage-first heap   total 262144K, used 64436K [0x0000000701400000, 0x0000000800000000)
  region size 1024K, 56 young (57344K), 19 survivors (19456K)
 Metaspace       used 47476K, capacity 48880K, committed 48896K, reserved 1097728K
  class space    used 6054K, capacity 6643K, committed 6656K, reserved 1048576K
}
Event: 24.696 GC heap after
{Heap after GC invocations=9 (full 0):
 garbage-first heap   total 262144K, used 28856K [0x0000000701400000, 0x0000000800000000)
  region size 1024K, 11 young (11264K), 11 survivors (11264K)
 Metaspace       used 47476K, capacity 48880K, committed 48896K, reserved 1097728K
  class space    used 6054K, capacity 6643K, committed 6656K, reserved 1048576K
}

