# JRE version: Java(TM) SE Runtime Environment 18.9 (11.0.22+9) (build 11.0.22+9-LTS-219)
# Java VM: Java HotSpot(TM) 64-Bit Server VM 18.9 (11.0.22+9-LTS-219, mixed mode, tiered, compressed oops, g1 gc, windows-amd64)
Heap:
 garbage-first heap   total 262144K, used 98304K [0x0000000701400000, 0x0000000800000000)
  region size 1024K, 75 young (76800K), 8 survivors (8192K)
 Metaspace       used 62232K, capacity 63960K, committed 64080K, reserved 1105920K
  class space    used 7771K, capacity 8466K, committed 8576K, reserved 1048576K
GC Heap History (10 events):
Event: 14.750 GC heap before
{Heap before GC invocations=5 (full 0):
 garbage-first heap   total 262144K, used 152749K [0x0000000701400000, 0x0000000800000000)
  region size 1024K, 140 young (143360K), 5 survivors (5120K)
 Metaspace       used 34889K, capacity 35900K, committed 36048K, reserved 1081344K
  class space    used 4385K, capacity 4778K, committed 4864K, reserved 1048576K
}
Event: 14.759 GC heap after
{Heap after GC invocations=6 (full 0):
 garbage-first heap   total 262144K, used 19036K [0x0000000701400000, 0x0000000800000000)
  region size 1024K, 10 young (10240K), 10 survivors (10240K)
 Metaspace       used 34889K, capacity 35900K, committed 36048K, reserved 1081344K
  class space    used 4385K, capacity 4778K, committed 4864K, reserved 1048576K
}
Event: 14.778 GC heap before
{Heap before GC invocations=6 (full 0):
 garbage-first heap   total 262144K, used 19036K [0x0000000701400000, 0x0000000800000000)
  region size 1024K, 11 young (11264K), 10 survivors (10240K)
 Metaspace       used 34928K, capacity 35900K, committed 36048K, reserved 1081344K
  class space    used 4391K, capacity 4778K, committed 4864K, reserved 1048576K
}
Event: 14.787 GC heap after
{Heap after GC invocations=7 (full 0):
 garbage-first heap   total 262144K, used 18870K [0x0000000701400000, 0x0000000800000000)
  region size 1024K, 10 young (10240K), 10 survivors (10240K)
 Metaspace       used 34928K, capacity 35900K, committed 36048K, reserved 1081344K
  class space    used 4391K, capacity 4778K, committed 4864K, reserved 1048576K
}
Event: 17.933 GC heap before
{Heap before GC invocations=8 (full 0):
 garbage-first heap   total 262144K, used 167350K [0x0000000701400000, 0x0000000800000000)
  region size 1024K, 153 young (156672K), 10 survivors (10240K)
 Metaspace       used 46236K, capacity 47727K, committed 47824K, reserved 1091584K
  class space    used 5759K, capacity 6347K, committed 6400K, reserved 1048576K
}
Event: 17.971 GC heap after
{Heap after GC invocations=9 (full 0):
 garbage-first heap   total 262144K, used 24374K [0x0000000701400000, 0x0000000800000000)
  region size 1024K, 15 young (15360K), 15 survivors (15360K)
 Metaspace       used 46236K, capacity 47727K, committed 47824K, reserved 1091584K
  class space    used 5759K, capacity 6347K, committed 6400K, reserved 1048576K
}
Event: 31.878 GC heap before
{Heap before GC invocations=9 (full 0):
 garbage-first heap   total 262144K, used 165686K [0x0000000701400000, 0x0000000800000000)
  region size 1024K, 153 young (156672K), 15 survivors (15360K)
 Metaspace       used 54395K, capacity 56067K, committed 56144K, reserved 1097728K
  class space    used 6801K, capacity 7479K, committed 7552K, reserved 1048576K
}
Event: 31.891 GC heap after
{Heap after GC invocations=10 (full 0):
 garbage-first heap   total 262144K, used 30639K [0x0000000701400000, 0x0000000800000000)
  region size 1024K, 17 young (17408K), 17 survivors (17408K)
 Metaspace       used 54395K, capacity 56067K, committed 56144K, reserved 1097728K
  class space    used 6801K, capacity 7479K, committed 7552K, reserved 1048576K
}
Event: 35.790 GC heap before
{Heap before GC invocations=10 (full 0):
 garbage-first heap   total 262144K, used 95151K [0x0000000701400000, 0x0000000800000000)
  region size 1024K, 81 young (82944K), 17 survivors (17408K)
 Metaspace       used 58743K, capacity 60390K, committed 60496K, reserved 1101824K
  class space    used 7336K, capacity 8003K, committed 8064K, reserved 1048576K
}
Event: 35.803 GC heap after
{Heap after GC invocations=11 (full 0):
 garbage-first heap   total 262144K, used 31744K [0x0000000701400000, 0x0000000800000000)
  region size 1024K, 8 young (8192K), 8 survivors (8192K)
 Metaspace       used 58743K, capacity 60390K, committed 60496K, reserved 1101824K
  class space    used 7336K, capacity 8003K, committed 8064K, reserved 1048576K
}

